<?xml version="1.0" encoding="UTF-8"?>
<testsuite xmlns:xsi="http://www.w3.org/2001/XMLSchema-instance" xsi:schemaLocation="https://maven.apache.org/surefire/maven-surefire-plugin/xsd/surefire-test-report.xsd" name="starter.CucumberTestSuite" time="189.706" tests="35" errors="0" skipped="0" failures="0">
  <properties>
    <property name="java.runtime.name" value="Java(TM) SE Runtime Environment"/>
    <property name="java.vm.version" value="20+36-2344"/>
    <property name="sun.boot.library.path" value="C:\Program Files\Java\jdk-20\bin"/>
    <property name="maven.multiModuleProjectDirectory" value="D:\Intelij\MobileAppv3 Test"/>
    <property name="java.vm.vendor" value="Oracle Corporation"/>
    <property name="java.vendor.url" value="https://java.oracle.com/"/>
    <property name="guice.disable.misplaced.annotation.check" value="true"/>
    <property name="path.separator" value=";"/>
    <property name="java.vm.name" value="Java HotSpot(TM) 64-Bit Server VM"/>
    <property name="sun.os.patch.level" value=""/>
    <property name="user.script" value=""/>
    <property name="user.country" value="ID"/>
    <property name="sun.java.launcher" value="SUN_STANDARD"/>
    <property name="java.vm.specification.name" value="Java Virtual Machine Specification"/>
    <property name="user.dir" value="D:\Intelij\MobileAppv3 Test"/>
    <property name="java.vm.compressedOopsMode" value="32-bit"/>
    <property name="java.runtime.version" value="20+36-2344"/>
    <property name="os.arch" value="amd64"/>
    <property name="java.io.tmpdir" value="C:\Users\ASUS\AppData\Local\Temp\"/>
    <property name="line.separator" value="&#10;"/>
    <property name="java.vm.specification.vendor" value="Oracle Corporation"/>
    <property name="user.variant" value=""/>
    <property name="stderr.encoding" value="cp437"/>
    <property name="os.name" value="Windows 10"/>
    <property name="classworlds.conf" value="C:\Program Files\apache-maven-3.9.1\bin\m2.conf"/>
    <property name="sun.jnu.encoding" value="Cp1252"/>
    <property name="stdout.encoding" value="cp437"/>
    <property name="java.library.path" value="C:\Program Files\Java\jdk-20\bin;C:\Windows\Sun\Java\bin;C:\Windows\system32;C:\Windows;C:\Program Files\Common Files\Oracle\Java\javapath;C:\Program Files (x86)\Common Files\Oracle\Java\javapath;C:\Python311\Scripts\;C:\Python311\;C:\Program Files (x86)\Common Files\Intel\Shared Files\fortran\bin\Intel64;C:\Program Files (x86)\Common Files\Intel\Shared Libraries\redist\intel64_win\mpirt;C:\Program Files (x86)\Common Files\Intel\Shared Libraries\redist\intel64_win\compiler;C:\Windows\system32;C:\Windows;C:\Windows\System32\Wbem;C:\Windows\System32\WindowsPowerShell\v1.0\;C:\Windows\System32\OpenSSH\;C:\Program Files\Microsoft SQL Server\110\Tools\Binn\;C:\Program Files\Microsoft SQL Server\Client SDK\ODBC\110\Tools\Binn\;C:\Program Files (x86)\Microsoft SQL Server\120\Tools\Binn\;C:\Program Files\Microsoft SQL Server\120\Tools\Binn\;C:\Program Files\Microsoft SQL Server\120\DTS\Binn\;C:\Program Files (x86)\Windows Kits\8.1\Windows Performance Toolkit\;C:\Program Files\Git\cmd;C:\Program Files\apache-maven-3.9.1\bin;C:\Program Files\WebDriver;C:\Program Files\nodejs\;C:\Program Files\Java\jre-1.8\bin;C:\Users\ASUS\AppData\Local\Android\Sdk\cmdline-tools\latest\bin;C:\Users\ASUS\AppData\Local\Android\Sdk\build-tools;C:\Users\ASUS\AppData\Local\Android\Sdk\platform-tools;C:\Users\ASUS\AppData\Local\Android\Sdk\platforms;C:\Users\ASUS\AppData\Local\Android\Sdk;C:\Program Files\Java\jdk-20\bin;C:\Users\ASUS\AppData\Local\Android\Sdk\tools\bin;C:\Users\ASUS\AppData\Local\Microsoft\WindowsApps;C:\Users\ASUS\AppData\Local\atom\bin;C:\Users\ASUS\AppData\Local\GitHubDesktop\bin;C:\Program Files\JetBrains\IntelliJ IDEA Community Edition 2022.3.2\bin;;C:\Users\ASUS\AppData\Roaming\npm;."/>
    <property name="maven.conf" value="C:\Program Files\apache-maven-3.9.1/conf"/>
    <property name="jdk.debug" value="release"/>
    <property name="java.class.version" value="64.0"/>
    <property name="java.specification.name" value="Java Platform API Specification"/>
    <property name="sun.management.compiler" value="HotSpot 64-Bit Tiered Compilers"/>
    <property name="os.version" value="10.0"/>
    <property name="library.jansi.path" value="C:\Program Files\apache-maven-3.9.1\lib\jansi-native"/>
    <property name="user.home" value="C:\Users\ASUS"/>
    <property name="user.timezone" value="Asia/Jakarta"/>
    <property name="file.encoding" value="UTF-8"/>
    <property name="java.specification.version" value="20"/>
    <property name="user.name" value="ASUS"/>
    <property name="java.class.path" value="C:\Program Files\apache-maven-3.9.1\boot\plexus-classworlds-2.6.0.jar"/>
    <property name="java.vm.specification.version" value="20"/>
    <property name="sun.arch.data.model" value="64"/>
    <property name="sun.java.command" value="org.codehaus.plexus.classworlds.launcher.Launcher clean verify"/>
    <property name="java.home" value="C:\Program Files\Java\jdk-20"/>
    <property name="user.language" value="en"/>
    <property name="java.specification.vendor" value="Oracle Corporation"/>
    <property name="java.vm.info" value="mixed mode, sharing"/>
    <property name="java.version" value="20"/>
    <property name="native.encoding" value="Cp1252"/>
    <property name="java.vendor" value="Oracle Corporation"/>
    <property name="maven.home" value="C:\Program Files\apache-maven-3.9.1"/>
    <property name="file.separator" value="\"/>
    <property name="java.version.date" value="2023-03-21"/>
    <property name="java.vendor.url.bug" value="https://bugreport.java.com/bugreport/"/>
    <property name="sun.io.unicode.encoding" value="UnicodeLittle"/>
    <property name="sun.cpu.endian" value="little"/>
    <property name="sun.cpu.isalist" value="amd64"/>
  </properties>
  <testcase name="Im on the Home page" classname="User able to add some product to cart" time="24.591"/>
  <testcase name="I click Beli1" classname="User able to add some product to cart" time="0.165"/>
  <testcase name="I click Beli2" classname="User able to add some product to cart" time="0.694"/>
  <testcase name="Number of product in cart increase" classname="User able to add some product to cart" time="2.704"/>
  <testcase name="User able to add some product to cart" classname="User able to add some product to cart" time="2.735"/>
  <testcase name="user on login page" classname="As a user i cant login because invalid password" time="24.079"/>
  <testcase name="user input valid username" classname="As a user i cant login because invalid password" time="0.877"/>
  <testcase name="user input invalid password" classname="As a user i cant login because invalid password" time="1.306"/>
  <testcase name="user click login button" classname="As a user i cant login because invalid password" time="0.92"/>
  <testcase name="user see error message Wrong Email or Password" classname="As a user i cant login because invalid password" time="2.579"/>
  <testcase name="As a user i cant login because invalid password" classname="As a user i cant login because invalid password" time="2.592"/>
  <testcase name="user on login page" classname="As a user i cant login because empty data" time="27.225"/>
  <testcase name="user didnt fill email" classname="As a user i cant login because empty data" time="0.314"/>
  <testcase name="user didnt fill password" classname="As a user i cant login because empty data" time="1.504"/>
  <testcase name="user click login button" classname="As a user i cant login because empty data" time="0.147"/>
  <testcase name="user see notification below boxes" classname="As a user i cant login because empty data" time="2.779"/>
  <testcase name="As a user i cant login because empty data" classname="As a user i cant login because empty data" time="2.794"/>
  <testcase name="user on login page" classname="As a user i cant login because invalid email and password" time="25.735"/>
  <testcase name="user input invalid username" classname="As a user i cant login because invalid email and password" time="0.986"/>
  <testcase name="user input invalid password" classname="As a user i cant login because invalid email and password" time="1.445"/>
  <testcase name="user click login button" classname="As a user i cant login because invalid email and password" time="0.91"/>
  <testcase name="user see error message Wrong Email or Password" classname="As a user i cant login because invalid email and password" time="2.586"/>
  <testcase name="As a user i cant login because invalid email and password" classname="As a user i cant login because invalid email and password" time="2.598"/>
  <testcase name="user on login page" classname="As a user i SUCCES login with valid email and password" time="25.239"/>
  <testcase name="user input valid username" classname="As a user i SUCCES login with valid email and password" time="0.987"/>
  <testcase name="user input valid password" classname="As a user i SUCCES login with valid email and password" time="1.397"/>
  <testcase name="user click login button" classname="As a user i SUCCES login with valid email and password" time="0.879"/>
  <testcase name="i got into dashboard again" classname="As a user i SUCCES login with valid email and password" time="3.303"/>
  <testcase name="As a user i SUCCES login with valid email and password" classname="As a user i SUCCES login with valid email and password" time="3.317"/>
  <testcase name="Im on the login page" classname="User not able to register with existing data register" time="24.624"/>
  <testcase name="I click register account to registering new account" classname="User not able to register with existing data register" time="0.179"/>
  <testcase name="I fill the data register with already exist" classname="User not able to register with existing data register" time="0.082"/>
  <testcase name="I click register account to regist the new account" classname="User not able to register with existing data register" time="1.296"/>
  <testcase name="I got message GAGAL on screen" classname="User not able to register with existing data register" time="1.211"/>
  <testcase name="User not able to register with existing data register" classname="User not able to register with existing data register" time="1.223"/>
</testsuite>